# JRE version: Java(TM) SE Runtime Environment (8.0_45-b14) (build 1.8.0_45-b14)
# Java VM: Java HotSpot(TM) 64-Bit Server VM (25.45-b02 mixed mode bsd-amd64 compressed oops)
Heap:
 PSYoungGen      total 941056K, used 446315K [0x000000076ab00000, 0x00000007c0000000, 0x00000007c0000000)
  eden space 513024K, 82% used [0x000000076ab00000,0x00000007849e9750,0x000000078a000000)
  from space 428032K, 5% used [0x000000078a000000,0x000000078b4f1840,0x00000007a4200000)
  to   space 434688K, 0% used [0x00000007a5780000,0x00000007a5780000,0x00000007c0000000)
 ParOldGen       total 2441216K, used 2198206K [0x00000006c0000000, 0x0000000755000000, 0x000000076ab00000)
  object space 2441216K, 90% used [0x00000006c0000000,0x00000007462afa18,0x0000000755000000)
 Metaspace       used 19577K, capacity 19842K, committed 20096K, reserved 1067008K
  class space    used 2497K, capacity 2591K, committed 2688K, reserved 1048576K
GC Heap History (10 events):
Event: 838.828 GC heap before
{Heap before GC invocations=126 (full 3):
 PSYoungGen      total 891392K, used 718112K [0x000000076ab00000, 0x00000007ba400000, 0x00000007c0000000)
  eden space 512000K, 100% used [0x000000076ab00000,0x0000000789f00000,0x0000000789f00000)
  from space 379392K, 54% used [0x00000007a3180000,0x00000007afac8060,0x00000007ba400000)
  to   space 395776K, 0% used [0x0000000789f00000,0x0000000789f00000,0x00000007a2180000)
 ParOldGen       total 2441216K, used 2198192K [0x00000006c0000000, 0x0000000755000000, 0x000000076ab00000)
  object space 2441216K, 90% used [0x00000006c0000000,0x00000007462ac368,0x0000000755000000)
 Metaspace       used 19541K, capacity 19842K, committed 20096K, reserved 1067008K
  class space    used 2496K, capacity 2591K, committed 2688K, reserved 1048576K
Event: 839.640 GC heap after
Heap after GC invocations=126 (full 3):
 PSYoungGen      total 907776K, used 343360K [0x000000076ab00000, 0x00000007bff80000, 0x00000007c0000000)
  eden space 512000K, 0% used [0x000000076ab00000,0x000000076ab00000,0x0000000789f00000)
  from space 395776K, 86% used [0x0000000789f00000,0x000000079ee500a0,0x00000007a2180000)
  to   space 433152K, 0% used [0x00000007a5880000,0x00000007a5880000,0x00000007bff80000)
 ParOldGen       total 2441216K, used 2198192K [0x00000006c0000000, 0x0000000755000000, 0x000000076ab00000)
  object space 2441216K, 90% used [0x00000006c0000000,0x00000007462ac368,0x0000000755000000)
 Metaspace       used 19541K, capacity 19842K, committed 20096K, reserved 1067008K
  class space    used 2496K, capacity 2591K, committed 2688K, reserved 1048576K
}
Event: 843.261 GC heap before
{Heap before GC invocations=127 (full 3):
 PSYoungGen      total 907776K, used 855360K [0x000000076ab00000, 0x00000007bff80000, 0x00000007c0000000)
  eden space 512000K, 100% used [0x000000076ab00000,0x0000000789f00000,0x0000000789f00000)
  from space 395776K, 86% used [0x0000000789f00000,0x000000079ee500a0,0x00000007a2180000)
  to   space 433152K, 0% used [0x00000007a5880000,0x00000007a5880000,0x00000007bff80000)
 ParOldGen       total 2441216K, used 2198195K [0x00000006c0000000, 0x0000000755000000, 0x000000076ab00000)
  object space 2441216K, 90% used [0x00000006c0000000,0x00000007462ace18,0x0000000755000000)
 Metaspace       used 19541K, capacity 19842K, committed 20096K, reserved 1067008K
  class space    used 2496K, capacity 2591K, committed 2688K, reserved 1048576K
Event: 843.921 GC heap after
Heap after GC invocations=127 (full 3):
 PSYoungGen      total 937984K, used 299782K [0x000000076ab00000, 0x00000007c0000000, 0x00000007c0000000)
  eden space 504832K, 0% used [0x000000076ab00000,0x000000076ab00000,0x0000000789800000)
  from space 433152K, 69% used [0x00000007a5880000,0x00000007b7d41868,0x00000007bff80000)
  to   space 446464K, 0% used [0x0000000789800000,0x0000000789800000,0x00000007a4c00000)
 ParOldGen       total 2441216K, used 2198195K [0x00000006c0000000, 0x0000000755000000, 0x000000076ab00000)
  object space 2441216K, 90% used [0x00000006c0000000,0x00000007462ace18,0x0000000755000000)
 Metaspace       used 19541K, capacity 19842K, committed 20096K, reserved 1067008K
  class space    used 2496K, capacity 2591K, committed 2688K, reserved 1048576K
}
Event: 849.649 GC heap before
{Heap before GC invocations=128 (full 3):
 PSYoungGen      total 937984K, used 804614K [0x000000076ab00000, 0x00000007c0000000, 0x00000007c0000000)
  eden space 504832K, 100% used [0x000000076ab00000,0x0000000789800000,0x0000000789800000)
  from space 433152K, 69% used [0x00000007a5880000,0x00000007b7d41868,0x00000007bff80000)
  to   space 446464K, 0% used [0x0000000789800000,0x0000000789800000,0x00000007a4c00000)
 ParOldGen       total 2441216K, used 2198198K [0x00000006c0000000, 0x0000000755000000, 0x000000076ab00000)
  object space 2441216K, 90% used [0x00000006c0000000,0x00000007462ada18,0x0000000755000000)
 Metaspace       used 19541K, capacity 19842K, committed 20096K, reserved 1067008K
  class space    used 2496K, capacity 2591K, committed 2688K, reserved 1048576K
Event: 849.883 GC heap after
Heap after GC invocations=128 (full 3):
 PSYoungGen      total 715264K, used 210208K [0x000000076ab00000, 0x00000007bdf00000, 0x00000007c0000000)
  eden space 504832K, 0% used [0x000000076ab00000,0x000000076ab00000,0x0000000789800000)
  from space 210432K, 99% used [0x0000000789800000,0x0000000796548070,0x0000000796580000)
  to   space 422912K, 0% used [0x00000007a4200000,0x00000007a4200000,0x00000007bdf00000)
 ParOldGen       total 2441216K, used 2198206K [0x00000006c0000000, 0x0000000755000000, 0x000000076ab00000)
  object space 2441216K, 90% used [0x00000006c0000000,0x00000007462afa18,0x0000000755000000)
 Metaspace       used 19541K, capacity 19842K, committed 20096K, reserved 1067008K
  class space    used 2496K, capacity 2591K, committed 2688K, reserved 1048576K
}
Event: 856.824 GC heap before
{Heap before GC invocations=129 (full 3):
 PSYoungGen      total 715264K, used 715040K [0x000000076ab00000, 0x00000007bdf00000, 0x00000007c0000000)
  eden space 504832K, 100% used [0x000000076ab00000,0x0000000789800000,0x0000000789800000)
  from space 210432K, 99% used [0x0000000789800000,0x0000000796548070,0x0000000796580000)
  to   space 422912K, 0% used [0x00000007a4200000,0x00000007a4200000,0x00000007bdf00000)
 ParOldGen       total 2441216K, used 2198206K [0x00000006c0000000, 0x0000000755000000, 0x000000076ab00000)
  object space 2441216K, 90% used [0x00000006c0000000,0x00000007462afa18,0x0000000755000000)
 Metaspace       used 19544K, capacity 19842K, committed 20096K, reserved 1067008K
  class space    used 2496K, capacity 2591K, committed 2688K, reserved 1048576K
Event: 856.949 GC heap after
Heap after GC invocations=129 (full 3):
 PSYoungGen      total 935936K, used 57913K [0x000000076ab00000, 0x00000007bed00000, 0x00000007c0000000)
  eden space 513024K, 0% used [0x000000076ab00000,0x000000076ab00000,0x000000078a000000)
  from space 422912K, 13% used [0x00000007a4200000,0x00000007a7a8e5b0,0x00000007bdf00000)
  to   space 428032K, 0% used [0x000000078a000000,0x000000078a000000,0x00000007a4200000)
 ParOldGen       total 2441216K, used 2198206K [0x00000006c0000000, 0x0000000755000000, 0x000000076ab00000)
  object space 2441216K, 90% used [0x00000006c0000000,0x00000007462afa18,0x0000000755000000)
 Metaspace       used 19544K, capacity 19842K, committed 20096K, reserved 1067008K
  class space    used 2496K, capacity 2591K, committed 2688K, reserved 1048576K
}
Event: 861.243 GC heap before
{Heap before GC invocations=130 (full 3):
 PSYoungGen      total 935936K, used 570937K [0x000000076ab00000, 0x00000007bed00000, 0x00000007c0000000)
  eden space 513024K, 100% used [0x000000076ab00000,0x000000078a000000,0x000000078a000000)
  from space 422912K, 13% used [0x00000007a4200000,0x00000007a7a8e5b0,0x00000007bdf00000)
  to   space 428032K, 0% used [0x000000078a000000,0x000000078a000000,0x00000007a4200000)
 ParOldGen       total 2441216K, used 2198206K [0x00000006c0000000, 0x0000000755000000, 0x000000076ab00000)
  object space 2441216K, 90% used [0x00000006c0000000,0x00000007462afa18,0x0000000755000000)
 Metaspace       used 19547K, capacity 19842K, committed 20096K, reserved 1067008K
  class space    used 2497K, capacity 2591K, committed 2688K, reserved 1048576K
Event: 861.328 GC heap after
Heap after GC invocations=130 (full 3):
 PSYoungGen      total 941056K, used 21446K [0x000000076ab00000, 0x00000007c0000000, 0x00000007c0000000)
  eden space 513024K, 0% used [0x000000076ab00000,0x000000076ab00000,0x000000078a000000)
  from space 428032K, 5% used [0x000000078a000000,0x000000078b4f1840,0x00000007a4200000)
  to   space 434688K, 0% used [0x00000007a5780000,0x00000007a5780000,0x00000007c0000000)
 ParOldGen       total 2441216K, used 2198206K [0x00000006c0000000, 0x0000000755000000, 0x000000076ab00000)
  object space 2441216K, 90% used [0x00000006c0000000,0x00000007462afa18,0x0000000755000000)
 Metaspace       used 19547K, capacity 19842K, committed 20096K, reserved 1067008K
  class space    used 2497K, capacity 2591K, committed 2688K, reserved 1048576K
}

